== 30100201205150100011135 Service BEGIN AS ==
ESName:301000
ASName:ZCS_DM_PAYMITEM_GET_POSTDATE
Ä¿ï¿½ï¿½ÏµÍ³:SAP
FuncCode:null
SenarioCode:null
[2012-05-15 10:46:50.573]-- Request Begin --
ï¿½ï¿½ï¿½ï¿½ï¿½ï¿½Ë®ï¿½ï¿½:30100201205150100011135301000002
-- Parameter BASE_INFO Begin --
I_OPENLOG:X
funcName:ZCS_DM_PAYMITEM_GET_POSTDATE
I_PROCESSEXTENSION:X
I_BANKPOSTINGAREA:0001
-- Parameter BASE_INFO End -- 
-- Struct CONTROL_DATA Begin -- 
MEDIUM:1001
TELLER_ID:0000018638
TRANS_SEQ_NO:30100201205150100011135301000002
TRANS_BRANCH:0100
-- Struct CONTROL_DATA End -- 
ï¿½ï¿½ï¿½ï¿½ï¿½ï¿½ï¿?4
ï¿½á¹¹ï¿½ï¿½ï¿½ï¿½:1
ï¿½ï¿½ï¿½ï¿½ï¿½ï¿½:0
[2012-05-15 10:46:50.573] -- Request End --
[2012-05-15 10:46:50.580] -- Response Begin --
-- Struct ReturnCode Begin --
type:S
code:null
message:null
-- Struct ReturnCode End --
-- SUCCESS BEGIN --
-- SUCCESS END --
-- ERROR BEGIN --
-- ERROR END --
-- Table ET_POSTINGDATES Begin --
       | BANKPOSTINGAREA | POST_DATE | 
 ï¿½ï¿½1ï¿½ï¿½ | 0001 | 20120515 | 
-- Table ET_POSTINGDATES End --
ï¿½ï¿½ï¿½ï¿½ï¿½ï¿½ï¿?0
ï¿½á¹¹ï¿½ï¿½ï¿½ï¿½:0
ï¿½ï¿½ï¿½ï¿½ï¿½ï¿½:1
ï¿½ï¿½Ì¨ï¿½ï¿½Ë®ï¿½ï¿½:null
[2012-05-15 10:46:50.582] -- Response End --
== 30100201205150100011135 Service END AS ==

ESName:ES-EX-QueryPostdate-T
FuncCode:null
SenarioCode:null
[2012-05-15 10:46:50.585]-- Request Begin --
-- Parameter BASE_INFO Begin --
ORGID:0100
-- Parameter BASE_INFO End -- 
ï¿½ï¿½ï¿½ï¿½ï¿½ï¿½ï¿?1
ï¿½á¹¹ï¿½ï¿½ï¿½ï¿½:0
ï¿½ï¿½ï¿½ï¿½ï¿½ï¿½:0
[2012-05-15 10:46:50.585]-- Request End --
[2012-05-15 10:46:50.585]-- Response Begin --
-- Struct ReturnCode Begin --
type:S
code:null
message:null
-- Struct ReturnCode End --
-- SUCCESS BEGIN --
-- SUCCESS END --
-- ERROR BEGIN --
-- ERROR END --
-- Parameter BASE_INFO Begin --
postDate:20120515
-- Parameter BASE_INFO End -- 
ï¿½ï¿½ï¿½ï¿½ï¿½ï¿½ï¿?1
ï¿½á¹¹ï¿½ï¿½ï¿½ï¿½:0
ï¿½ï¿½ï¿½ï¿½ï¿½ï¿½:0
ï¿½ï¿½Ì¨ï¿½ï¿½Ë®ï¿½ï¿½:null
[2012-05-15 10:46:50.585]-- Response End --
== 30100201205150100011135 Service END ES ==
-- START TIME -- 2012-05-15 10:46:49.898	-- END TIME -- 2012-05-15 10:46:50.588


== 30100201205150100011136 Service BEGIN ES ==
ESName:ES-IN-queryReturnMsg-T
FuncCode:null
SenarioCode:SC04010121
[2012-05-15 10:46:50.836]-- Request Begin --
-- Parameter BASE_INFO Begin --
operatorId:0000018638
orgCode:0100
isFirst:1
-- Parameter BASE_INFO End -- 
-- Struct IECacheVersionStruct Begin -- 
ieCacheVersion:6
-- Struct IECacheVersionStruct End -- 
ï¿½ï¿½ï¿½ï¿½ï¿½ï¿½ï¿?3
ï¿½á¹¹ï¿½ï¿½ï¿½ï¿½:1
ï¿½ï¿½ï¿½ï¿½ï¿½ï¿½:0
[2012-05-15 10:46:50.836]-- Request End --
[2012-05-15 10:46:50.836]-- Response Begin --
-- Struct ReturnCode Begin --
type:null
code:null
message:null
-- Struct ReturnCode End --
-- SUCCESS BEGIN --
-- SUCCESS END --
-- ERROR BEGIN --
-- ERROR END --
ï¿½ï¿½ï¿½ï¿½ï¿½ï¿½ï¿?0
ï¿½á¹¹ï¿½ï¿½ï¿½ï¿½:0
ï¿½ï¿½ï¿½ï¿½ï¿½ï¿½:0
ï¿½ï¿½Ì¨ï¿½ï¿½Ë®ï¿½ï¿½:null
[2012-05-15 10:46:50.836]-- Response End --
== 30100201205150100011136 Service END ES ==
-- START TIME -- 2012-05-15 10:46:50.798	-- END TIME -- 2012-05-15 10:46:50.838
